<?xml version="1.0" encoding="UTF-8"?>
<testng-results ignored="0" total="2" passed="2" failed="0" skipped="0">
  <reporter-output>
  </reporter-output>
  <suite started-at="2024-02-29T19:17:46 GMT" name="TestSuite" finished-at="2024-02-29T19:17:53 GMT" duration-ms="6895">
    <groups>
    </groups>
    <test started-at="2024-02-29T19:17:46 GMT" name="ChromeTest" finished-at="2024-02-29T19:17:52 GMT" duration-ms="6112">
      <class name="testall.testbrowser">
        <test-method is-config="true" signature="setup(java.lang.String)[pri:0, instance:testall.testbrowser@3ba987b8]" started-at="2024-02-29T19:17:46 GMT" name="setup" finished-at="2024-02-29T19:17:48 GMT" duration-ms="1848" status="PASS">
          <params>
            <param index="0">
              <value>
                <![CDATA[Chrome]]>
              </value>
            </param>
          </params>
          <reporter-output>
          </reporter-output>
        </test-method> <!-- setup -->
        <test-method signature="testParameterWithXML()[pri:0, instance:testall.testbrowser@3ba987b8]" started-at="2024-02-29T19:17:48 GMT" name="testParameterWithXML" finished-at="2024-02-29T19:17:52 GMT" duration-ms="4222" status="PASS">
          <reporter-output>
          </reporter-output>
        </test-method> <!-- testParameterWithXML -->
      </class> <!-- testall.testbrowser -->
    </test> <!-- ChromeTest -->
    <test started-at="2024-02-29T19:17:46 GMT" name="EdgeTest" finished-at="2024-02-29T19:17:53 GMT" duration-ms="6895">
      <class name="testall.testbrowser">
        <test-method is-config="true" signature="setup(java.lang.String)[pri:0, instance:testall.testbrowser@359df09a]" started-at="2024-02-29T19:17:46 GMT" name="setup" finished-at="2024-02-29T19:17:49 GMT" duration-ms="3289" status="PASS">
          <params>
            <param index="0">
              <value>
                <![CDATA[Edge]]>
              </value>
            </param>
          </params>
          <reporter-output>
          </reporter-output>
        </test-method> <!-- setup -->
        <test-method signature="testParameterWithXML()[pri:0, instance:testall.testbrowser@359df09a]" started-at="2024-02-29T19:17:49 GMT" name="testParameterWithXML" finished-at="2024-02-29T19:17:53 GMT" duration-ms="3589" status="PASS">
          <reporter-output>
          </reporter-output>
        </test-method> <!-- testParameterWithXML -->
      </class> <!-- testall.testbrowser -->
    </test> <!-- EdgeTest -->
  </suite> <!-- TestSuite -->
</testng-results>
